module.js:328
    throw err;
    ^

Error: Cannot find module '/home/florian/dev/portfolorian/app/bin/www'
    at Function.Module._resolveFilename (module.js:326:15)
    at Function.Module._load (module.js:277:25)
    at Function.Module.runMain (module.js:442:10)
    at startup (node.js:136:18)
    at node.js:966:3
module.js:328
    throw err;
    ^

Error: Cannot find module '/home/florian/dev/portfolorian/app/server/bin/www'
    at Function.Module._resolveFilename (module.js:326:15)
    at Function.Module._load (module.js:277:25)
    at Function.Module.runMain (module.js:442:10)
    at startup (node.js:136:18)
    at node.js:966:3
[0mGET / [36m304 [0m24.138 ms - -[0m
[0mGET /javascripts/main.js [36m304 [0m6.667 ms - -[0m
[0mGET / [36m304 [0m4.584 ms - -[0m
[0mGET /javascripts/main.js [32m200 [0m5.275 ms - 1363056[0m
